<?xml version="1.0" encoding="UTF-8"?>
<!-- Generated by org.testng.reporters.JUnitXMLReporter -->
<testsuite hostname="SH-LHB" ignored="0" name="Command line test" tests="1" failures="0" timestamp="24 六月 2022 08:08:43 GMT" time="0.001" errors="0">
  <testcase name="verifyContextWasAutowired" time="0.0" classname="org.springframework.test.context.cache.ClassLevelDirtiesContextTestNGTests$ClassLevelDirtiesContextWithCleanMethodsAndAfterClassModeTestCase"/>
</testsuite> <!-- Command line test -->
